[     165ms] [INFO] %cDownload the React DevTools for a better development experience: https://react.dev/link/react-devtools font-weight:bold @ http://localhost:3000/_next/static/chunks/1j27_next_dist_03v_77_._.js:2477
[     190ms] [LOG] [HMR] connected @ http://localhost:3000/_next/static/chunks/1j27_next_dist_03v_77_._.js:2477
[   56647ms] [LOG] [Fast Refresh] rebuilding @ http://localhost:3000/_next/static/chunks/1j27_next_dist_03v_77_._.js:2477
[   56709ms] [LOG] [Fast Refresh] done in 106ms @ http://localhost:3000/_next/static/chunks/1j27_next_dist_03v_77_._.js:2477
[   64192ms] [LOG] [Fast Refresh] rebuilding @ http://localhost:3000/_next/static/chunks/1j27_next_dist_03v_77_._.js:2477
[   64902ms] [LOG] [Fast Refresh] done in 733ms @ http://localhost:3000/_next/static/chunks/1j27_next_dist_03v_77_._.js:2477
[   65015ms] [LOG] [Fast Refresh] rebuilding @ http://localhost:3000/_next/static/chunks/1j27_next_dist_03v_77_._.js:2477
[   65050ms] [LOG] [Fast Refresh] done in 137ms @ http://localhost:3000/_next/static/chunks/1j27_next_dist_03v_77_._.js:2477
[   65166ms] [LOG] [Fast Refresh] rebuilding @ http://localhost:3000/_next/static/chunks/1j27_next_dist_03v_77_._.js:2477
[   65173ms] [LOG] [Fast Refresh] done in 109ms @ http://localhost:3000/_next/static/chunks/1j27_next_dist_03v_77_._.js:2477
[  177426ms] [LOG] [Fast Refresh] rebuilding @ http://localhost:3000/_next/static/chunks/1j27_next_dist_03v_77_._.js:2477
[  188723ms] [LOG] [Fast Refresh] done in 11400ms @ http://localhost:3000/_next/static/chunks/1j27_next_dist_03v_77_._.js:2477
[  188992ms] [LOG] [Fast Refresh] rebuilding @ http://localhost:3000/_next/static/chunks/1j27_next_dist_03v_77_._.js:2477
[  189022ms] [LOG] [Fast Refresh] done in 132ms @ http://localhost:3000/_next/static/chunks/1j27_next_dist_03v_77_._.js:2477
[  189156ms] [INFO] %cDownload the React DevTools for a better development experience: https://react.dev/link/react-devtools font-weight:bold @ http://localhost:3000/_next/static/chunks/1j27_next_dist_03v_77_._.js:2477
[  189183ms] [LOG] [HMR] connected @ http://localhost:3000/_next/static/chunks/1j27_next_dist_03v_77_._.js:2477
[  192844ms] [LOG] [Fast Refresh] rebuilding @ http://localhost:3000/_next/static/chunks/1j27_next_dist_03v_77_._.js:2477
[  192898ms] [LOG] [Fast Refresh] done in 86ms @ http://localhost:3000/_next/static/chunks/1j27_next_dist_03v_77_._.js:2477
[  193012ms] [LOG] [Fast Refresh] rebuilding @ http://localhost:3000/_next/static/chunks/1j27_next_dist_03v_77_._.js:2477
[  193050ms] [LOG] [Fast Refresh] done in 151ms @ http://localhost:3000/_next/static/chunks/1j27_next_dist_03v_77_._.js:2477
[  200612ms] [LOG] [Fast Refresh] rebuilding @ http://localhost:3000/_next/static/chunks/1j27_next_dist_03v_77_._.js:2477
[  200643ms] [LOG] [Fast Refresh] done in 92ms @ http://localhost:3000/_next/static/chunks/1j27_next_dist_03v_77_._.js:2477
[  255922ms] [LOG] [Fast Refresh] rebuilding @ http://localhost:3000/_next/static/chunks/1j27_next_dist_03v_77_._.js:2477
[  255951ms] [LOG] [Fast Refresh] done in 137ms @ http://localhost:3000/_next/static/chunks/1j27_next_dist_03v_77_._.js:2477
[  256062ms] [LOG] [Fast Refresh] rebuilding @ http://localhost:3000/_next/static/chunks/1j27_next_dist_03v_77_._.js:2477
[  256121ms] [LOG] [Fast Refresh] done in 169ms @ http://localhost:3000/_next/static/chunks/1j27_next_dist_03v_77_._.js:2477
[  263545ms] [LOG] [Fast Refresh] rebuilding @ http://localhost:3000/_next/static/chunks/1j27_next_dist_03v_77_._.js:2477
[  263584ms] [LOG] [Fast Refresh] done in 53ms @ http://localhost:3000/_next/static/chunks/1j27_next_dist_03v_77_._.js:2477
[  342386ms] [LOG] [Fast Refresh] rebuilding @ http://localhost:3000/_next/static/chunks/1j27_next_dist_03v_77_._.js:2477
[  342516ms] [ERROR] ./apps/web/app/page.tsx:4:1
Module not found: Can't resolve '../components/sections/Navbar'
  2 |
  3 | import React, { useEffect } from "react";
> 4 | import { Navbar } from "../components/sections/Navbar";
    | ^^^^^^^^^^^^^^^^^^^^^^^^^^^^^^^^^^^^^^^^^^^^^^^^^^^^^^^
  5 | import { HeroSection } from "../components/sections/HeroSection";
  6 | import { BentoGrid } from "../components/sections/BentoGrid";
  7 | import { UseCases } from "../components/sections/UseCases";

Import traces:
  Client Component Browser:
    ./apps/web/app/page.tsx [Client Component Browser]
    ./apps/web/app/page.tsx [Server Component]

  Client Component SSR:
    ./apps/web/app/page.tsx [Client Component SSR]
    ./apps/web/app/page.tsx [Server Component]

https://nextjs.org/docs/messages/module-not-found @ http://localhost:3000/_next/static/chunks/1j27_next_dist_03v_77_._.js:3318
[  342571ms] [ERROR] ./apps/web/app/page.tsx:4:1
Module not found: Can't resolve '../components/sections/Navbar'
  2 |
  3 | import React, { useEffect } from "react";
> 4 | import { Navbar } from "../components/sections/Navbar";
    | ^^^^^^^^^^^^^^^^^^^^^^^^^^^^^^^^^^^^^^^^^^^^^^^^^^^^^^^
  5 | import { HeroSection } from "../components/sections/HeroSection";
  6 | import { BentoGrid } from "../components/sections/BentoGrid";
  7 | import { UseCases } from "../components/sections/UseCases";

Import traces:
  Client Component Browser:
    ./apps/web/app/page.tsx [Client Component Browser]
    ./apps/web/app/page.tsx [Server Component]

  Client Component SSR:
    ./apps/web/app/page.tsx [Client Component SSR]
    ./apps/web/app/page.tsx [Server Component]

https://nextjs.org/docs/messages/module-not-found @ http://localhost:3000/_next/static/chunks/1j27_next_dist_03v_77_._.js:3318
[  342684ms] [LOG] [Fast Refresh] rebuilding @ http://localhost:3000/_next/static/chunks/1j27_next_dist_03v_77_._.js:2477
[  342899ms] [ERROR] ./apps/web/app/page.tsx:4:1
Module not found: Can't resolve '../components/sections/Navbar'
  2 |
  3 | import React, { useEffect } from "react";
> 4 | import { Navbar } from "../components/sections/Navbar";
    | ^^^^^^^^^^^^^^^^^^^^^^^^^^^^^^^^^^^^^^^^^^^^^^^^^^^^^^^
  5 | import { HeroSection } from "../components/sections/HeroSection";
  6 | import { BentoGrid } from "../components/sections/BentoGrid";
  7 | import { UseCases } from "../components/sections/UseCases";

Import traces:
  Client Component Browser:
    ./apps/web/app/page.tsx [Client Component Browser]
    ./apps/web/app/page.tsx [Server Component]

  Client Component SSR:
    ./apps/web/app/page.tsx [Client Component SSR]
    ./apps/web/app/page.tsx [Server Component]

https://nextjs.org/docs/messages/module-not-found @ http://localhost:3000/_next/static/chunks/1j27_next_dist_03v_77_._.js:3318
[  342901ms] [ERROR] ./apps/web/app/page.tsx:4:1
Module not found: Can't resolve '../components/sections/Navbar'
  2 |
  3 | import React, { useEffect } from "react";
> 4 | import { Navbar } from "../components/sections/Navbar";
    | ^^^^^^^^^^^^^^^^^^^^^^^^^^^^^^^^^^^^^^^^^^^^^^^^^^^^^^^
  5 | import { HeroSection } from "../components/sections/HeroSection";
  6 | import { BentoGrid } from "../components/sections/BentoGrid";
  7 | import { UseCases } from "../components/sections/UseCases";

Import traces:
  Client Component Browser:
    ./apps/web/app/page.tsx [Client Component Browser]
    ./apps/web/app/page.tsx [Server Component]

  Client Component SSR:
    ./apps/web/app/page.tsx [Client Component SSR]
    ./apps/web/app/page.tsx [Server Component]

https://nextjs.org/docs/messages/module-not-found @ http://localhost:3000/_next/static/chunks/1j27_next_dist_03v_77_._.js:3318
[  343012ms] [LOG] [Fast Refresh] rebuilding @ http://localhost:3000/_next/static/chunks/1j27_next_dist_03v_77_._.js:2477
[  343174ms] [ERROR] Failed to load resource: the server responded with a status of 500 (Internal Server Error) @ http://localhost:3000/?_rsc=q3mOO9BClNZHexY7:0
[  343210ms] [ERROR] Failed to load resource: the server responded with a status of 500 (Internal Server Error) @ http://localhost:3000/?_rsc=q3mOO9BClNZHexY7:0
[  343235ms] [ERROR] Failed to load resource: the server responded with a status of 500 (Internal Server Error) @ http://localhost:3000/:0
[  343369ms] [INFO] %cDownload the React DevTools for a better development experience: https://react.dev/link/react-devtools font-weight:bold @ http://localhost:3000/_next/static/chunks/02ca_react-dom_0ntjfa7._.js:15305
[  343447ms] Error: ./apps/web/app/page.tsx:4:1
Module not found: Can't resolve '../components/sections/Navbar'
  2 |
  3 | import React, { useEffect } from "react";
> 4 | import { Navbar } from "../components/sections/Navbar";
    | ^^^^^^^^^^^^^^^^^^^^^^^^^^^^^^^^^^^^^^^^^^^^^^^^^^^^^^^
  5 | import { HeroSection } from "../components/sections/HeroSection";
  6 | import { BentoGrid } from "../components/sections/BentoGrid";
  7 | import { UseCases } from "../components/sections/UseCases";



Import traces:
  Client Component Browser:
    ./apps/web/app/page.tsx [Client Component Browser]
    ./apps/web/app/page.tsx [Server Component]

  Client Component SSR:
    ./apps/web/app/page.tsx [Client Component SSR]
    ./apps/web/app/page.tsx [Server Component]

https://nextjs.org/docs/messages/module-not-found


    at <unknown> (Error: ./apps/web/app/page.tsx:4:1)
    at <unknown> (https://nextjs.org/docs/messages/module-not-found)
    at Object.getCompilationErrors (file://D:\Projects\Freelance\omenaai\node_modules\.pnpm\next@16.2.7_@babel+core@7.2_27554004f431be4f267c657ce343daf6\node_modules\next\dist\server\dev\hot-reloader-turbopack.js:1186:59)
    at DevBundlerService.getCompilationError (file://D:\Projects\Freelance\omenaai\node_modules\.pnpm\next@16.2.7_@babel+core@7.2_27554004f431be4f267c657ce343daf6\node_modules\next\dist\server\lib\dev-bundler-service.js:44:55)
    at DevServer.getCompilationError (file://D:\Projects\Freelance\omenaai\node_modules\.pnpm\next@16.2.7_@babel+core@7.2_27554004f431be4f267c657ce343daf6\node_modules\next\dist\server\dev\next-dev-server.js:720:42)
    at DevServer.findPageComponents (file://D:\Projects\Freelance\omenaai\node_modules\.pnpm\next@16.2.7_@babel+core@7.2_27554004f431be4f267c657ce343daf6\node_modules\next\dist\server\dev\next-dev-server.js:690:43)
    at async DevServer.renderErrorToResponseImpl (file://D:\Projects\Freelance\omenaai\node_modules\.pnpm\next@16.2.7_@babel+core@7.2_27554004f431be4f267c657ce343daf6\node_modules\next\dist\server\base-server.js:1753:26)
[  343446ms] [LOG] [HMR] connected @ http://localhost:3000/_next/static/chunks/1j27_next_dist_0gzz1qe._.js:1226
[  343450ms] [ERROR] ./apps/web/app/page.tsx:4:1
Module not found: Can't resolve '../components/sections/Navbar'
  2 |
  3 | import React, { useEffect } from "react";
> 4 | import { Navbar } from "../components/sections/Navbar";
    | ^^^^^^^^^^^^^^^^^^^^^^^^^^^^^^^^^^^^^^^^^^^^^^^^^^^^^^^
  5 | import { HeroSection } from "../components/sections/HeroSection";
  6 | import { BentoGrid } from "../components/sections/BentoGrid";
  7 | import { UseCases } from "../components/sections/UseCases";

Import traces:
  Client Component Browser:
    ./apps/web/app/page.tsx [Client Component Browser]
    ./apps/web/app/page.tsx [Server Component]

  Client Component SSR:
    ./apps/web/app/page.tsx [Client Component SSR]
    ./apps/web/app/page.tsx [Server Component]

https://nextjs.org/docs/messages/module-not-found @ http://localhost:3000/_next/static/chunks/1j27_next_dist_0gzz1qe._.js:1945
[  343523ms] [ERROR] ./apps/web/app/page.tsx:4:1
Module not found: Can't resolve '../components/sections/Navbar'
  2 |
  3 | import React, { useEffect } from "react";
> 4 | import { Navbar } from "../components/sections/Navbar";
    | ^^^^^^^^^^^^^^^^^^^^^^^^^^^^^^^^^^^^^^^^^^^^^^^^^^^^^^^
  5 | import { HeroSection } from "../components/sections/HeroSection";
  6 | import { BentoGrid } from "../components/sections/BentoGrid";
  7 | import { UseCases } from "../components/sections/UseCases";

Import traces:
  Client Component Browser:
    ./apps/web/app/page.tsx [Client Component Browser]
    ./apps/web/app/page.tsx [Server Component]

  Client Component SSR:
    ./apps/web/app/page.tsx [Client Component SSR]
    ./apps/web/app/page.tsx [Server Component]

https://nextjs.org/docs/messages/module-not-found @ http://localhost:3000/_next/static/chunks/1j27_next_dist_0gzz1qe._.js:1945
[  343559ms] [LOG] [Fast Refresh] rebuilding @ http://localhost:3000/_next/static/chunks/1j27_next_dist_0gzz1qe._.js:1226
[  350036ms] [LOG] [Fast Refresh] rebuilding @ http://localhost:3000/_next/static/chunks/1j27_next_dist_0gzz1qe._.js:1226
[  350205ms] [LOG] [Fast Refresh] done in 276ms @ http://localhost:3000/_next/static/chunks/1j27_next_dist_0gzz1qe._.js:1226
[  350334ms] [LOG] [Fast Refresh] rebuilding @ http://localhost:3000/_next/static/chunks/1j27_next_dist_0gzz1qe._.js:1226
[  350517ms] [LOG] [Fast Refresh] done in 287ms @ http://localhost:3000/_next/static/chunks/1j27_next_dist_0gzz1qe._.js:1226
[  350611ms] [INFO] %cDownload the React DevTools for a better development experience: https://react.dev/link/react-devtools font-weight:bold @ http://localhost:3000/_next/static/chunks/1j27_next_dist_03v_77_._.js:2477
[  350633ms] [LOG] [HMR] connected @ http://localhost:3000/_next/static/chunks/1j27_next_dist_03v_77_._.js:2477
[  360240ms] [LOG] [Fast Refresh] rebuilding @ http://localhost:3000/_next/static/chunks/1j27_next_dist_03v_77_._.js:2477
[  360411ms] [ERROR] ./apps/web/app/page.tsx:5:1
Module not found: Can't resolve '../components/sections/HeroSection'
  3 | import React, { useEffect } from "react";
  4 | import { Navbar } from "../components/sections/Navbar";
> 5 | import { HeroSection } from "../components/sections/HeroSection";
    | ^^^^^^^^^^^^^^^^^^^^^^^^^^^^^^^^^^^^^^^^^^^^^^^^^^^^^^^^^^^^^^^^^
  6 | import { BentoGrid } from "../components/sections/BentoGrid";
  7 | import { UseCases } from "../components/sections/UseCases";
  8 | import { MetricsBar } from "../components/sections/MetricsBar";

Import traces:
  Client Component Browser:
    ./apps/web/app/page.tsx [Client Component Browser]
    ./apps/web/app/page.tsx [Server Component]

  Client Component SSR:
    ./apps/web/app/page.tsx [Client Component SSR]
    ./apps/web/app/page.tsx [Server Component]

https://nextjs.org/docs/messages/module-not-found @ http://localhost:3000/_next/static/chunks/1j27_next_dist_03v_77_._.js:3318
[  360482ms] [ERROR] ./apps/web/app/page.tsx:5:1
Module not found: Can't resolve '../components/sections/HeroSection'
  3 | import React, { useEffect } from "react";
  4 | import { Navbar } from "../components/sections/Navbar";
> 5 | import { HeroSection } from "../components/sections/HeroSection";
    | ^^^^^^^^^^^^^^^^^^^^^^^^^^^^^^^^^^^^^^^^^^^^^^^^^^^^^^^^^^^^^^^^^
  6 | import { BentoGrid } from "../components/sections/BentoGrid";
  7 | import { UseCases } from "../components/sections/UseCases";
  8 | import { MetricsBar } from "../components/sections/MetricsBar";

Import traces:
  Client Component Browser:
    ./apps/web/app/page.tsx [Client Component Browser]
    ./apps/web/app/page.tsx [Server Component]

  Client Component SSR:
    ./apps/web/app/page.tsx [Client Component SSR]
    ./apps/web/app/page.tsx [Server Component]

https://nextjs.org/docs/messages/module-not-found @ http://localhost:3000/_next/static/chunks/1j27_next_dist_03v_77_._.js:3318
[  360502ms] [ERROR] Failed to load resource: the server responded with a status of 500 (Internal Server Error) @ http://localhost:3000/?_rsc=q3mOO9BClNZHexY7:0
[  360537ms] [ERROR] Failed to load resource: the server responded with a status of 500 (Internal Server Error) @ http://localhost:3000/?_rsc=q3mOO9BClNZHexY7:0
[  360559ms] [ERROR] Failed to load resource: the server responded with a status of 500 (Internal Server Error) @ http://localhost:3000/:0
[  360607ms] [INFO] %cDownload the React DevTools for a better development experience: https://react.dev/link/react-devtools font-weight:bold @ http://localhost:3000/_next/static/chunks/02ca_react-dom_0ntjfa7._.js:15305
[  360620ms] Error: ./apps/web/app/page.tsx:5:1
Module not found: Can't resolve '../components/sections/HeroSection'
  3 | import React, { useEffect } from "react";
  4 | import { Navbar } from "../components/sections/Navbar";
> 5 | import { HeroSection } from "../components/sections/HeroSection";
    | ^^^^^^^^^^^^^^^^^^^^^^^^^^^^^^^^^^^^^^^^^^^^^^^^^^^^^^^^^^^^^^^^^
  6 | import { BentoGrid } from "../components/sections/BentoGrid";
  7 | import { UseCases } from "../components/sections/UseCases";
  8 | import { MetricsBar } from "../components/sections/MetricsBar";



Import traces:
  Client Component Browser:
    ./apps/web/app/page.tsx [Client Component Browser]
    ./apps/web/app/page.tsx [Server Component]

  Client Component SSR:
    ./apps/web/app/page.tsx [Client Component SSR]
    ./apps/web/app/page.tsx [Server Component]

https://nextjs.org/docs/messages/module-not-found


    at <unknown> (Error: ./apps/web/app/page.tsx:5:1)
    at <unknown> (https://nextjs.org/docs/messages/module-not-found)
    at Object.getCompilationErrors (file://D:\Projects\Freelance\omenaai\node_modules\.pnpm\next@16.2.7_@babel+core@7.2_27554004f431be4f267c657ce343daf6\node_modules\next\dist\server\dev\hot-reloader-turbopack.js:1186:59)
    at DevBundlerService.getCompilationError (file://D:\Projects\Freelance\omenaai\node_modules\.pnpm\next@16.2.7_@babel+core@7.2_27554004f431be4f267c657ce343daf6\node_modules\next\dist\server\lib\dev-bundler-service.js:44:55)
    at DevServer.getCompilationError (file://D:\Projects\Freelance\omenaai\node_modules\.pnpm\next@16.2.7_@babel+core@7.2_27554004f431be4f267c657ce343daf6\node_modules\next\dist\server\dev\next-dev-server.js:720:42)
    at DevServer.findPageComponents (file://D:\Projects\Freelance\omenaai\node_modules\.pnpm\next@16.2.7_@babel+core@7.2_27554004f431be4f267c657ce343daf6\node_modules\next\dist\server\dev\next-dev-server.js:690:43)
    at async DevServer.renderErrorToResponseImpl (file://D:\Projects\Freelance\omenaai\node_modules\.pnpm\next@16.2.7_@babel+core@7.2_27554004f431be4f267c657ce343daf6\node_modules\next\dist\server\base-server.js:1753:26)
[  360620ms] [LOG] [HMR] connected @ http://localhost:3000/_next/static/chunks/1j27_next_dist_0gzz1qe._.js:1226
[  360622ms] [ERROR] ./apps/web/app/page.tsx:5:1
Module not found: Can't resolve '../components/sections/HeroSection'
  3 | import React, { useEffect } from "react";
  4 | import { Navbar } from "../components/sections/Navbar";
> 5 | import { HeroSection } from "../components/sections/HeroSection";
    | ^^^^^^^^^^^^^^^^^^^^^^^^^^^^^^^^^^^^^^^^^^^^^^^^^^^^^^^^^^^^^^^^^
  6 | import { BentoGrid } from "../components/sections/BentoGrid";
  7 | import { UseCases } from "../components/sections/UseCases";
  8 | import { MetricsBar } from "../components/sections/MetricsBar";

Import traces:
  Client Component Browser:
    ./apps/web/app/page.tsx [Client Component Browser]
    ./apps/web/app/page.tsx [Server Component]

  Client Component SSR:
    ./apps/web/app/page.tsx [Client Component SSR]
    ./apps/web/app/page.tsx [Server Component]

https://nextjs.org/docs/messages/module-not-found @ http://localhost:3000/_next/static/chunks/1j27_next_dist_0gzz1qe._.js:1945
[  360663ms] [ERROR] ./apps/web/app/page.tsx:5:1
Module not found: Can't resolve '../components/sections/HeroSection'
  3 | import React, { useEffect } from "react";
  4 | import { Navbar } from "../components/sections/Navbar";
> 5 | import { HeroSection } from "../components/sections/HeroSection";
    | ^^^^^^^^^^^^^^^^^^^^^^^^^^^^^^^^^^^^^^^^^^^^^^^^^^^^^^^^^^^^^^^^^
  6 | import { BentoGrid } from "../components/sections/BentoGrid";
  7 | import { UseCases } from "../components/sections/UseCases";
  8 | import { MetricsBar } from "../components/sections/MetricsBar";

Import traces:
  Client Component Browser:
    ./apps/web/app/page.tsx [Client Component Browser]
    ./apps/web/app/page.tsx [Server Component]

  Client Component SSR:
    ./apps/web/app/page.tsx [Client Component SSR]
    ./apps/web/app/page.tsx [Server Component]

https://nextjs.org/docs/messages/module-not-found @ http://localhost:3000/_next/static/chunks/1j27_next_dist_0gzz1qe._.js:1945
[  360725ms] [LOG] [Fast Refresh] rebuilding @ http://localhost:3000/_next/static/chunks/1j27_next_dist_0gzz1qe._.js:1226
[  367898ms] [LOG] [Fast Refresh] rebuilding @ http://localhost:3000/_next/static/chunks/1j27_next_dist_0gzz1qe._.js:1226
[  368057ms] [LOG] [Fast Refresh] done in 233ms @ http://localhost:3000/_next/static/chunks/1j27_next_dist_0gzz1qe._.js:1226
[  368174ms] [LOG] [Fast Refresh] rebuilding @ http://localhost:3000/_next/static/chunks/1j27_next_dist_0gzz1qe._.js:1226
[  368347ms] [LOG] [Fast Refresh] done in 274ms @ http://localhost:3000/_next/static/chunks/1j27_next_dist_0gzz1qe._.js:1226
[  368414ms] [INFO] %cDownload the React DevTools for a better development experience: https://react.dev/link/react-devtools font-weight:bold @ http://localhost:3000/_next/static/chunks/1j27_next_dist_03v_77_._.js:2477
[  368438ms] [LOG] [HMR] connected @ http://localhost:3000/_next/static/chunks/1j27_next_dist_03v_77_._.js:2477
[  428779ms] [LOG] [Fast Refresh] rebuilding @ http://localhost:3000/_next/static/chunks/1j27_next_dist_03v_77_._.js:2477
[  428917ms] [ERROR] ./apps/web/app/page.tsx:6:1
Module not found: Can't resolve '../components/sections/BentoGrid'
  4 | import { Navbar } from "../components/sections/Navbar";
  5 | import { HeroSection } from "../components/sections/HeroSection";
> 6 | import { BentoGrid } from "../components/sections/BentoGrid";
    | ^^^^^^^^^^^^^^^^^^^^^^^^^^^^^^^^^^^^^^^^^^^^^^^^^^^^^^^^^^^^^
  7 | import { UseCases } from "../components/sections/UseCases";
  8 | import { MetricsBar } from "../components/sections/MetricsBar";
  9 | import { ApiPreview } from "../components/sections/ApiPreview";

Import traces:
  Client Component Browser:
    ./apps/web/app/page.tsx [Client Component Browser]
    ./apps/web/app/page.tsx [Server Component]

  Client Component SSR:
    ./apps/web/app/page.tsx [Client Component SSR]
    ./apps/web/app/page.tsx [Server Component]

https://nextjs.org/docs/messages/module-not-found @ http://localhost:3000/_next/static/chunks/1j27_next_dist_03v_77_._.js:3318
[  428973ms] [ERROR] ./apps/web/app/page.tsx:6:1
Module not found: Can't resolve '../components/sections/BentoGrid'
  4 | import { Navbar } from "../components/sections/Navbar";
  5 | import { HeroSection } from "../components/sections/HeroSection";
> 6 | import { BentoGrid } from "../components/sections/BentoGrid";
    | ^^^^^^^^^^^^^^^^^^^^^^^^^^^^^^^^^^^^^^^^^^^^^^^^^^^^^^^^^^^^^
  7 | import { UseCases } from "../components/sections/UseCases";
  8 | import { MetricsBar } from "../components/sections/MetricsBar";
  9 | import { ApiPreview } from "../components/sections/ApiPreview";

Import traces:
  Client Component Browser:
    ./apps/web/app/page.tsx [Client Component Browser]
    ./apps/web/app/page.tsx [Server Component]

  Client Component SSR:
    ./apps/web/app/page.tsx [Client Component SSR]
    ./apps/web/app/page.tsx [Server Component]

https://nextjs.org/docs/messages/module-not-found @ http://localhost:3000/_next/static/chunks/1j27_next_dist_03v_77_._.js:3318
[  428997ms] [ERROR] Failed to load resource: the server responded with a status of 500 (Internal Server Error) @ http://localhost:3000/?_rsc=q3mOO9BClNZHexY7:0
[  429034ms] [ERROR] Failed to load resource: the server responded with a status of 500 (Internal Server Error) @ http://localhost:3000/?_rsc=q3mOO9BClNZHexY7:0
[  429058ms] [ERROR] Failed to load resource: the server responded with a status of 500 (Internal Server Error) @ http://localhost:3000/:0
[  429104ms] [INFO] %cDownload the React DevTools for a better development experience: https://react.dev/link/react-devtools font-weight:bold @ http://localhost:3000/_next/static/chunks/02ca_react-dom_0ntjfa7._.js:15305
[  429116ms] Error: ./apps/web/app/page.tsx:6:1
Module not found: Can't resolve '../components/sections/BentoGrid'
  4 | import { Navbar } from "../components/sections/Navbar";
  5 | import { HeroSection } from "../components/sections/HeroSection";
> 6 | import { BentoGrid } from "../components/sections/BentoGrid";
    | ^^^^^^^^^^^^^^^^^^^^^^^^^^^^^^^^^^^^^^^^^^^^^^^^^^^^^^^^^^^^^
  7 | import { UseCases } from "../components/sections/UseCases";
  8 | import { MetricsBar } from "../components/sections/MetricsBar";
  9 | import { ApiPreview } from "../components/sections/ApiPreview";



Import traces:
  Client Component Browser:
    ./apps/web/app/page.tsx [Client Component Browser]
    ./apps/web/app/page.tsx [Server Component]

  Client Component SSR:
    ./apps/web/app/page.tsx [Client Component SSR]
    ./apps/web/app/page.tsx [Server Component]

https://nextjs.org/docs/messages/module-not-found


    at <unknown> (Error: ./apps/web/app/page.tsx:6:1)
    at <unknown> (https://nextjs.org/docs/messages/module-not-found)
    at Object.getCompilationErrors (file://D:\Projects\Freelance\omenaai\node_modules\.pnpm\next@16.2.7_@babel+core@7.2_27554004f431be4f267c657ce343daf6\node_modules\next\dist\server\dev\hot-reloader-turbopack.js:1186:59)
    at DevBundlerService.getCompilationError (file://D:\Projects\Freelance\omenaai\node_modules\.pnpm\next@16.2.7_@babel+core@7.2_27554004f431be4f267c657ce343daf6\node_modules\next\dist\server\lib\dev-bundler-service.js:44:55)
    at DevServer.getCompilationError (file://D:\Projects\Freelance\omenaai\node_modules\.pnpm\next@16.2.7_@babel+core@7.2_27554004f431be4f267c657ce343daf6\node_modules\next\dist\server\dev\next-dev-server.js:720:42)
    at DevServer.findPageComponents (file://D:\Projects\Freelance\omenaai\node_modules\.pnpm\next@16.2.7_@babel+core@7.2_27554004f431be4f267c657ce343daf6\node_modules\next\dist\server\dev\next-dev-server.js:690:43)
    at async DevServer.renderErrorToResponseImpl (file://D:\Projects\Freelance\omenaai\node_modules\.pnpm\next@16.2.7_@babel+core@7.2_27554004f431be4f267c657ce343daf6\node_modules\next\dist\server\base-server.js:1753:26)
[  429118ms] [LOG] [HMR] connected @ http://localhost:3000/_next/static/chunks/1j27_next_dist_0gzz1qe._.js:1226
[  429125ms] [ERROR] ./apps/web/app/page.tsx:6:1
Module not found: Can't resolve '../components/sections/BentoGrid'
  4 | import { Navbar } from "../components/sections/Navbar";
  5 | import { HeroSection } from "../components/sections/HeroSection";
> 6 | import { BentoGrid } from "../components/sections/BentoGrid";
    | ^^^^^^^^^^^^^^^^^^^^^^^^^^^^^^^^^^^^^^^^^^^^^^^^^^^^^^^^^^^^^
  7 | import { UseCases } from "../components/sections/UseCases";
  8 | import { MetricsBar } from "../components/sections/MetricsBar";
  9 | import { ApiPreview } from "../components/sections/ApiPreview";

Import traces:
  Client Component Browser:
    ./apps/web/app/page.tsx [Client Component Browser]
    ./apps/web/app/page.tsx [Server Component]

  Client Component SSR:
    ./apps/web/app/page.tsx [Client Component SSR]
    ./apps/web/app/page.tsx [Server Component]

https://nextjs.org/docs/messages/module-not-found @ http://localhost:3000/_next/static/chunks/1j27_next_dist_0gzz1qe._.js:1945
[  429170ms] [ERROR] ./apps/web/app/page.tsx:6:1
Module not found: Can't resolve '../components/sections/BentoGrid'
  4 | import { Navbar } from "../components/sections/Navbar";
  5 | import { HeroSection } from "../components/sections/HeroSection";
> 6 | import { BentoGrid } from "../components/sections/BentoGrid";
    | ^^^^^^^^^^^^^^^^^^^^^^^^^^^^^^^^^^^^^^^^^^^^^^^^^^^^^^^^^^^^^
  7 | import { UseCases } from "../components/sections/UseCases";
  8 | import { MetricsBar } from "../components/sections/MetricsBar";
  9 | import { ApiPreview } from "../components/sections/ApiPreview";

Import traces:
  Client Component Browser:
    ./apps/web/app/page.tsx [Client Component Browser]
    ./apps/web/app/page.tsx [Server Component]

  Client Component SSR:
    ./apps/web/app/page.tsx [Client Component SSR]
    ./apps/web/app/page.tsx [Server Component]

https://nextjs.org/docs/messages/module-not-found @ http://localhost:3000/_next/static/chunks/1j27_next_dist_0gzz1qe._.js:1945
[  429222ms] [LOG] [Fast Refresh] rebuilding @ http://localhost:3000/_next/static/chunks/1j27_next_dist_0gzz1qe._.js:1226
[  436472ms] [LOG] [Fast Refresh] rebuilding @ http://localhost:3000/_next/static/chunks/1j27_next_dist_0gzz1qe._.js:1226
[  436658ms] [LOG] [Fast Refresh] done in 293ms @ http://localhost:3000/_next/static/chunks/1j27_next_dist_0gzz1qe._.js:1226
[  436775ms] [LOG] [Fast Refresh] rebuilding @ http://localhost:3000/_next/static/chunks/1j27_next_dist_0gzz1qe._.js:1226
[  436923ms] [LOG] [Fast Refresh] done in 249ms @ http://localhost:3000/_next/static/chunks/1j27_next_dist_0gzz1qe._.js:1226
[  436998ms] [INFO] %cDownload the React DevTools for a better development experience: https://react.dev/link/react-devtools font-weight:bold @ http://localhost:3000/_next/static/chunks/1j27_next_dist_03v_77_._.js:2477
[  437021ms] [LOG] [HMR] connected @ http://localhost:3000/_next/static/chunks/1j27_next_dist_03v_77_._.js:2477
[  446683ms] [LOG] [Fast Refresh] rebuilding @ http://localhost:3000/_next/static/chunks/1j27_next_dist_03v_77_._.js:2477
[  446787ms] [ERROR] ./apps/web/app/page.tsx:7:1
Module not found: Can't resolve '../components/sections/UseCases'
   5 | import { HeroSection } from "../components/sections/HeroSection";
   6 | import { BentoGrid } from "../components/sections/BentoGrid";
>  7 | import { UseCases } from "../components/sections/UseCases";
     | ^^^^^^^^^^^^^^^^^^^^^^^^^^^^^^^^^^^^^^^^^^^^^^^^^^^^^^^^^^^
   8 | import { MetricsBar } from "../components/sections/MetricsBar";
   9 | import { ApiPreview } from "../components/sections/ApiPreview";
  10 | import { CtaSection } from "../components/sections/CtaSection";

Import traces:
  Client Component Browser:
    ./apps/web/app/page.tsx [Client Component Browser]
    ./apps/web/app/page.tsx [Server Component]

  Client Component SSR:
    ./apps/web/app/page.tsx [Client Component SSR]
    ./apps/web/app/page.tsx [Server Component]

https://nextjs.org/docs/messages/module-not-found @ http://localhost:3000/_next/static/chunks/1j27_next_dist_03v_77_._.js:3318
[  446862ms] [ERROR] ./apps/web/app/page.tsx:7:1
Module not found: Can't resolve '../components/sections/UseCases'
   5 | import { HeroSection } from "../components/sections/HeroSection";
   6 | import { BentoGrid } from "../components/sections/BentoGrid";
>  7 | import { UseCases } from "../components/sections/UseCases";
     | ^^^^^^^^^^^^^^^^^^^^^^^^^^^^^^^^^^^^^^^^^^^^^^^^^^^^^^^^^^^
   8 | import { MetricsBar } from "../components/sections/MetricsBar";
   9 | import { ApiPreview } from "../components/sections/ApiPreview";
  10 | import { CtaSection } from "../components/sections/CtaSection";

Import traces:
  Client Component Browser:
    ./apps/web/app/page.tsx [Client Component Browser]
    ./apps/web/app/page.tsx [Server Component]

  Client Component SSR:
    ./apps/web/app/page.tsx [Client Component SSR]
    ./apps/web/app/page.tsx [Server Component]

https://nextjs.org/docs/messages/module-not-found @ http://localhost:3000/_next/static/chunks/1j27_next_dist_03v_77_._.js:3318
[  446881ms] [ERROR] Failed to load resource: the server responded with a status of 500 (Internal Server Error) @ http://localhost:3000/?_rsc=q3mOO9BClNZHexY7:0
[  446913ms] [ERROR] Failed to load resource: the server responded with a status of 500 (Internal Server Error) @ http://localhost:3000/?_rsc=q3mOO9BClNZHexY7:0
[  446936ms] [ERROR] Failed to load resource: the server responded with a status of 500 (Internal Server Error) @ http://localhost:3000/:0
[  446959ms] [INFO] %cDownload the React DevTools for a better development experience: https://react.dev/link/react-devtools font-weight:bold @ http://localhost:3000/_next/static/chunks/02ca_react-dom_0ntjfa7._.js:15305
[  446967ms] Error: ./apps/web/app/page.tsx:7:1
Module not found: Can't resolve '../components/sections/UseCases'
   5 | import { HeroSection } from "../components/sections/HeroSection";
   6 | import { BentoGrid } from "../components/sections/BentoGrid";
>  7 | import { UseCases } from "../components/sections/UseCases";
     | ^^^^^^^^^^^^^^^^^^^^^^^^^^^^^^^^^^^^^^^^^^^^^^^^^^^^^^^^^^^
   8 | import { MetricsBar } from "../components/sections/MetricsBar";
   9 | import { ApiPreview } from "../components/sections/ApiPreview";
  10 | import { CtaSection } from "../components/sections/CtaSection";



Import traces:
  Client Component Browser:
    ./apps/web/app/page.tsx [Client Component Browser]
    ./apps/web/app/page.tsx [Server Component]

  Client Component SSR:
    ./apps/web/app/page.tsx [Client Component SSR]
    ./apps/web/app/page.tsx [Server Component]

https://nextjs.org/docs/messages/module-not-found


    at <unknown> (Error: ./apps/web/app/page.tsx:7:1)
    at <unknown> (https://nextjs.org/docs/messages/module-not-found)
    at Object.getCompilationErrors (file://D:\Projects\Freelance\omenaai\node_modules\.pnpm\next@16.2.7_@babel+core@7.2_27554004f431be4f267c657ce343daf6\node_modules\next\dist\server\dev\hot-reloader-turbopack.js:1186:59)
    at DevBundlerService.getCompilationError (file://D:\Projects\Freelance\omenaai\node_modules\.pnpm\next@16.2.7_@babel+core@7.2_27554004f431be4f267c657ce343daf6\node_modules\next\dist\server\lib\dev-bundler-service.js:44:55)
    at DevServer.getCompilationError (file://D:\Projects\Freelance\omenaai\node_modules\.pnpm\next@16.2.7_@babel+core@7.2_27554004f431be4f267c657ce343daf6\node_modules\next\dist\server\dev\next-dev-server.js:720:42)
    at DevServer.findPageComponents (file://D:\Projects\Freelance\omenaai\node_modules\.pnpm\next@16.2.7_@babel+core@7.2_27554004f431be4f267c657ce343daf6\node_modules\next\dist\server\dev\next-dev-server.js:690:43)
    at async DevServer.renderErrorToResponseImpl (file://D:\Projects\Freelance\omenaai\node_modules\.pnpm\next@16.2.7_@babel+core@7.2_27554004f431be4f267c657ce343daf6\node_modules\next\dist\server\base-server.js:1753:26)
[  446969ms] [LOG] [HMR] connected @ http://localhost:3000/_next/static/chunks/1j27_next_dist_0gzz1qe._.js:1226
[  446975ms] [ERROR] ./apps/web/app/page.tsx:7:1
Module not found: Can't resolve '../components/sections/UseCases'
   5 | import { HeroSection } from "../components/sections/HeroSection";
   6 | import { BentoGrid } from "../components/sections/BentoGrid";
>  7 | import { UseCases } from "../components/sections/UseCases";
     | ^^^^^^^^^^^^^^^^^^^^^^^^^^^^^^^^^^^^^^^^^^^^^^^^^^^^^^^^^^^
   8 | import { MetricsBar } from "../components/sections/MetricsBar";
   9 | import { ApiPreview } from "../components/sections/ApiPreview";
  10 | import { CtaSection } from "../components/sections/CtaSection";

Import traces:
  Client Component Browser:
    ./apps/web/app/page.tsx [Client Component Browser]
    ./apps/web/app/page.tsx [Server Component]

  Client Component SSR:
    ./apps/web/app/page.tsx [Client Component SSR]
    ./apps/web/app/page.tsx [Server Component]

https://nextjs.org/docs/messages/module-not-found @ http://localhost:3000/_next/static/chunks/1j27_next_dist_0gzz1qe._.js:1945
[  447012ms] [ERROR] ./apps/web/app/page.tsx:7:1
Module not found: Can't resolve '../components/sections/UseCases'
   5 | import { HeroSection } from "../components/sections/HeroSection";
   6 | import { BentoGrid } from "../components/sections/BentoGrid";
>  7 | import { UseCases } from "../components/sections/UseCases";
     | ^^^^^^^^^^^^^^^^^^^^^^^^^^^^^^^^^^^^^^^^^^^^^^^^^^^^^^^^^^^
   8 | import { MetricsBar } from "../components/sections/MetricsBar";
   9 | import { ApiPreview } from "../components/sections/ApiPreview";
  10 | import { CtaSection } from "../components/sections/CtaSection";

Import traces:
  Client Component Browser:
    ./apps/web/app/page.tsx [Client Component Browser]
    ./apps/web/app/page.tsx [Server Component]

  Client Component SSR:
    ./apps/web/app/page.tsx [Client Component SSR]
    ./apps/web/app/page.tsx [Server Component]

https://nextjs.org/docs/messages/module-not-found @ http://localhost:3000/_next/static/chunks/1j27_next_dist_0gzz1qe._.js:1945
[  447089ms] [LOG] [Fast Refresh] rebuilding @ http://localhost:3000/_next/static/chunks/1j27_next_dist_0gzz1qe._.js:1226
[  454375ms] [LOG] [Fast Refresh] rebuilding @ http://localhost:3000/_next/static/chunks/1j27_next_dist_0gzz1qe._.js:1226
[  454478ms] [LOG] [Fast Refresh] done in 209ms @ http://localhost:3000/_next/static/chunks/1j27_next_dist_0gzz1qe._.js:1226
[  454605ms] [LOG] [Fast Refresh] rebuilding @ http://localhost:3000/_next/static/chunks/1j27_next_dist_0gzz1qe._.js:1226
[  454747ms] [LOG] [Fast Refresh] done in 256ms @ http://localhost:3000/_next/static/chunks/1j27_next_dist_0gzz1qe._.js:1226
[  454807ms] [INFO] %cDownload the React DevTools for a better development experience: https://react.dev/link/react-devtools font-weight:bold @ http://localhost:3000/_next/static/chunks/1j27_next_dist_03v_77_._.js:2477
[  454838ms] [LOG] [HMR] connected @ http://localhost:3000/_next/static/chunks/1j27_next_dist_03v_77_._.js:2477
[  525029ms] [LOG] [Fast Refresh] rebuilding @ http://localhost:3000/_next/static/chunks/1j27_next_dist_03v_77_._.js:2477
[  525113ms] [ERROR] ./apps/web/app/page.tsx:8:1
Module not found: Can't resolve '../components/sections/MetricsBar'
   6 | import { BentoGrid } from "../components/sections/BentoGrid";
   7 | import { UseCases } from "../components/sections/UseCases";
>  8 | import { MetricsBar } from "../components/sections/MetricsBar";
     | ^^^^^^^^^^^^^^^^^^^^^^^^^^^^^^^^^^^^^^^^^^^^^^^^^^^^^^^^^^^^^^^
   9 | import { ApiPreview } from "../components/sections/ApiPreview";
  10 | import { CtaSection } from "../components/sections/CtaSection";
  11 | import { Footer } from "../components/sections/Footer";

Import traces:
  Client Component Browser:
    ./apps/web/app/page.tsx [Client Component Browser]
    ./apps/web/app/page.tsx [Server Component]

  Client Component SSR:
    ./apps/web/app/page.tsx [Client Component SSR]
    ./apps/web/app/page.tsx [Server Component]

https://nextjs.org/docs/messages/module-not-found @ http://localhost:3000/_next/static/chunks/1j27_next_dist_03v_77_._.js:3318
[  525173ms] [ERROR] ./apps/web/app/page.tsx:8:1
Module not found: Can't resolve '../components/sections/MetricsBar'
   6 | import { BentoGrid } from "../components/sections/BentoGrid";
   7 | import { UseCases } from "../components/sections/UseCases";
>  8 | import { MetricsBar } from "../components/sections/MetricsBar";
     | ^^^^^^^^^^^^^^^^^^^^^^^^^^^^^^^^^^^^^^^^^^^^^^^^^^^^^^^^^^^^^^^
   9 | import { ApiPreview } from "../components/sections/ApiPreview";
  10 | import { CtaSection } from "../components/sections/CtaSection";
  11 | import { Footer } from "../components/sections/Footer";

Import traces:
  Client Component Browser:
    ./apps/web/app/page.tsx [Client Component Browser]
    ./apps/web/app/page.tsx [Server Component]

  Client Component SSR:
    ./apps/web/app/page.tsx [Client Component SSR]
    ./apps/web/app/page.tsx [Server Component]

https://nextjs.org/docs/messages/module-not-found @ http://localhost:3000/_next/static/chunks/1j27_next_dist_03v_77_._.js:3318
[  525194ms] [ERROR] Failed to load resource: the server responded with a status of 500 (Internal Server Error) @ http://localhost:3000/?_rsc=q3mOO9BClNZHexY7:0
[  525222ms] [ERROR] Failed to load resource: the server responded with a status of 500 (Internal Server Error) @ http://localhost:3000/?_rsc=q3mOO9BClNZHexY7:0
[  525246ms] [ERROR] Failed to load resource: the server responded with a status of 500 (Internal Server Error) @ http://localhost:3000/:0
[  525312ms] [INFO] %cDownload the React DevTools for a better development experience: https://react.dev/link/react-devtools font-weight:bold @ http://localhost:3000/_next/static/chunks/02ca_react-dom_0ntjfa7._.js:15305
[  525324ms] Error: ./apps/web/app/page.tsx:8:1
Module not found: Can't resolve '../components/sections/MetricsBar'
   6 | import { BentoGrid } from "../components/sections/BentoGrid";
   7 | import { UseCases } from "../components/sections/UseCases";
>  8 | import { MetricsBar } from "../components/sections/MetricsBar";
     | ^^^^^^^^^^^^^^^^^^^^^^^^^^^^^^^^^^^^^^^^^^^^^^^^^^^^^^^^^^^^^^^
   9 | import { ApiPreview } from "../components/sections/ApiPreview";
  10 | import { CtaSection } from "../components/sections/CtaSection";
  11 | import { Footer } from "../components/sections/Footer";



Import traces:
  Client Component Browser:
    ./apps/web/app/page.tsx [Client Component Browser]
    ./apps/web/app/page.tsx [Server Component]

  Client Component SSR:
    ./apps/web/app/page.tsx [Client Component SSR]
    ./apps/web/app/page.tsx [Server Component]

https://nextjs.org/docs/messages/module-not-found


    at <unknown> (Error: ./apps/web/app/page.tsx:8:1)
    at <unknown> (https://nextjs.org/docs/messages/module-not-found)
    at Object.getCompilationErrors (file://D:\Projects\Freelance\omenaai\node_modules\.pnpm\next@16.2.7_@babel+core@7.2_27554004f431be4f267c657ce343daf6\node_modules\next\dist\server\dev\hot-reloader-turbopack.js:1186:59)
    at DevBundlerService.getCompilationError (file://D:\Projects\Freelance\omenaai\node_modules\.pnpm\next@16.2.7_@babel+core@7.2_27554004f431be4f267c657ce343daf6\node_modules\next\dist\server\lib\dev-bundler-service.js:44:55)
    at DevServer.getCompilationError (file://D:\Projects\Freelance\omenaai\node_modules\.pnpm\next@16.2.7_@babel+core@7.2_27554004f431be4f267c657ce343daf6\node_modules\next\dist\server\dev\next-dev-server.js:720:42)
    at DevServer.findPageComponents (file://D:\Projects\Freelance\omenaai\node_modules\.pnpm\next@16.2.7_@babel+core@7.2_27554004f431be4f267c657ce343daf6\node_modules\next\dist\server\dev\next-dev-server.js:690:43)
    at async DevServer.renderErrorToResponseImpl (file://D:\Projects\Freelance\omenaai\node_modules\.pnpm\next@16.2.7_@babel+core@7.2_27554004f431be4f267c657ce343daf6\node_modules\next\dist\server\base-server.js:1753:26)
[  525325ms] [LOG] [HMR] connected @ http://localhost:3000/_next/static/chunks/1j27_next_dist_0gzz1qe._.js:1226
[  525326ms] [ERROR] ./apps/web/app/page.tsx:8:1
Module not found: Can't resolve '../components/sections/MetricsBar'
   6 | import { BentoGrid } from "../components/sections/BentoGrid";
   7 | import { UseCases } from "../components/sections/UseCases";
>  8 | import { MetricsBar } from "../components/sections/MetricsBar";
     | ^^^^^^^^^^^^^^^^^^^^^^^^^^^^^^^^^^^^^^^^^^^^^^^^^^^^^^^^^^^^^^^
   9 | import { ApiPreview } from "../components/sections/ApiPreview";
  10 | import { CtaSection } from "../components/sections/CtaSection";
  11 | import { Footer } from "../components/sections/Footer";

Import traces:
  Client Component Browser:
    ./apps/web/app/page.tsx [Client Component Browser]
    ./apps/web/app/page.tsx [Server Component]

  Client Component SSR:
    ./apps/web/app/page.tsx [Client Component SSR]
    ./apps/web/app/page.tsx [Server Component]

https://nextjs.org/docs/messages/module-not-found @ http://localhost:3000/_next/static/chunks/1j27_next_dist_0gzz1qe._.js:1945
[  525374ms] [ERROR] ./apps/web/app/page.tsx:8:1
Module not found: Can't resolve '../components/sections/MetricsBar'
   6 | import { BentoGrid } from "../components/sections/BentoGrid";
   7 | import { UseCases } from "../components/sections/UseCases";
>  8 | import { MetricsBar } from "../components/sections/MetricsBar";
     | ^^^^^^^^^^^^^^^^^^^^^^^^^^^^^^^^^^^^^^^^^^^^^^^^^^^^^^^^^^^^^^^
   9 | import { ApiPreview } from "../components/sections/ApiPreview";
  10 | import { CtaSection } from "../components/sections/CtaSection";
  11 | import { Footer } from "../components/sections/Footer";

Import traces:
  Client Component Browser:
    ./apps/web/app/page.tsx [Client Component Browser]
    ./apps/web/app/page.tsx [Server Component]

  Client Component SSR:
    ./apps/web/app/page.tsx [Client Component SSR]
    ./apps/web/app/page.tsx [Server Component]

https://nextjs.org/docs/messages/module-not-found @ http://localhost:3000/_next/static/chunks/1j27_next_dist_0gzz1qe._.js:1945
[  525433ms] [LOG] [Fast Refresh] rebuilding @ http://localhost:3000/_next/static/chunks/1j27_next_dist_0gzz1qe._.js:1226
[  532838ms] [LOG] [Fast Refresh] rebuilding @ http://localhost:3000/_next/static/chunks/1j27_next_dist_0gzz1qe._.js:1226
[  532959ms] [LOG] [Fast Refresh] done in 213ms @ http://localhost:3000/_next/static/chunks/1j27_next_dist_0gzz1qe._.js:1226
[  533079ms] [LOG] [Fast Refresh] rebuilding @ http://localhost:3000/_next/static/chunks/1j27_next_dist_0gzz1qe._.js:1226
[  533234ms] [LOG] [Fast Refresh] done in 258ms @ http://localhost:3000/_next/static/chunks/1j27_next_dist_0gzz1qe._.js:1226
[  533286ms] [INFO] %cDownload the React DevTools for a better development experience: https://react.dev/link/react-devtools font-weight:bold @ http://localhost:3000/_next/static/chunks/1j27_next_dist_03v_77_._.js:2477
[  533316ms] [LOG] [HMR] connected @ http://localhost:3000/_next/static/chunks/1j27_next_dist_03v_77_._.js:2477
[  543041ms] [LOG] [Fast Refresh] rebuilding @ http://localhost:3000/_next/static/chunks/1j27_next_dist_03v_77_._.js:2477
[  543201ms] [ERROR] ./apps/web/app/page.tsx:9:1
Module not found: Can't resolve '../components/sections/ApiPreview'
   7 | import { UseCases } from "../components/sections/UseCases";
   8 | import { MetricsBar } from "../components/sections/MetricsBar";
>  9 | import { ApiPreview } from "../components/sections/ApiPreview";
     | ^^^^^^^^^^^^^^^^^^^^^^^^^^^^^^^^^^^^^^^^^^^^^^^^^^^^^^^^^^^^^^^
  10 | import { CtaSection } from "../components/sections/CtaSection";
  11 | import { Footer } from "../components/sections/Footer";
  12 |

Import traces:
  Client Component Browser:
    ./apps/web/app/page.tsx [Client Component Browser]
    ./apps/web/app/page.tsx [Server Component]

  Client Component SSR:
    ./apps/web/app/page.tsx [Client Component SSR]
    ./apps/web/app/page.tsx [Server Component]

https://nextjs.org/docs/messages/module-not-found @ http://localhost:3000/_next/static/chunks/1j27_next_dist_03v_77_._.js:3318
[  543275ms] [ERROR] ./apps/web/app/page.tsx:9:1
Module not found: Can't resolve '../components/sections/ApiPreview'
   7 | import { UseCases } from "../components/sections/UseCases";
   8 | import { MetricsBar } from "../components/sections/MetricsBar";
>  9 | import { ApiPreview } from "../components/sections/ApiPreview";
     | ^^^^^^^^^^^^^^^^^^^^^^^^^^^^^^^^^^^^^^^^^^^^^^^^^^^^^^^^^^^^^^^
  10 | import { CtaSection } from "../components/sections/CtaSection";
  11 | import { Footer } from "../components/sections/Footer";
  12 |

Import traces:
  Client Component Browser:
    ./apps/web/app/page.tsx [Client Component Browser]
    ./apps/web/app/page.tsx [Server Component]

  Client Component SSR:
    ./apps/web/app/page.tsx [Client Component SSR]
    ./apps/web/app/page.tsx [Server Component]

https://nextjs.org/docs/messages/module-not-found @ http://localhost:3000/_next/static/chunks/1j27_next_dist_03v_77_._.js:3318
[  543303ms] [ERROR] Failed to load resource: the server responded with a status of 500 (Internal Server Error) @ http://localhost:3000/?_rsc=q3mOO9BClNZHexY7:0
[  543336ms] [ERROR] Failed to load resource: the server responded with a status of 500 (Internal Server Error) @ http://localhost:3000/?_rsc=q3mOO9BClNZHexY7:0
[  543367ms] [ERROR] Failed to load resource: the server responded with a status of 500 (Internal Server Error) @ http://localhost:3000/:0
[  543409ms] [INFO] %cDownload the React DevTools for a better development experience: https://react.dev/link/react-devtools font-weight:bold @ http://localhost:3000/_next/static/chunks/02ca_react-dom_0ntjfa7._.js:15305
[  543425ms] Error: ./apps/web/app/page.tsx:9:1
Module not found: Can't resolve '../components/sections/ApiPreview'
   7 | import { UseCases } from "../components/sections/UseCases";
   8 | import { MetricsBar } from "../components/sections/MetricsBar";
>  9 | import { ApiPreview } from "../components/sections/ApiPreview";
     | ^^^^^^^^^^^^^^^^^^^^^^^^^^^^^^^^^^^^^^^^^^^^^^^^^^^^^^^^^^^^^^^
  10 | import { CtaSection } from "../components/sections/CtaSection";
  11 | import { Footer } from "../components/sections/Footer";
  12 |



Import traces:
  Client Component Browser:
    ./apps/web/app/page.tsx [Client Component Browser]
    ./apps/web/app/page.tsx [Server Component]

  Client Component SSR:
    ./apps/web/app/page.tsx [Client Component SSR]
    ./apps/web/app/page.tsx [Server Component]

https://nextjs.org/docs/messages/module-not-found


    at <unknown> (Error: ./apps/web/app/page.tsx:9:1)
    at <unknown> (https://nextjs.org/docs/messages/module-not-found)
    at Object.getCompilationErrors (file://D:\Projects\Freelance\omenaai\node_modules\.pnpm\next@16.2.7_@babel+core@7.2_27554004f431be4f267c657ce343daf6\node_modules\next\dist\server\dev\hot-reloader-turbopack.js:1186:59)
    at DevBundlerService.getCompilationError (file://D:\Projects\Freelance\omenaai\node_modules\.pnpm\next@16.2.7_@babel+core@7.2_27554004f431be4f267c657ce343daf6\node_modules\next\dist\server\lib\dev-bundler-service.js:44:55)
    at DevServer.getCompilationError (file://D:\Projects\Freelance\omenaai\node_modules\.pnpm\next@16.2.7_@babel+core@7.2_27554004f431be4f267c657ce343daf6\node_modules\next\dist\server\dev\next-dev-server.js:720:42)
    at DevServer.findPageComponents (file://D:\Projects\Freelance\omenaai\node_modules\.pnpm\next@16.2.7_@babel+core@7.2_27554004f431be4f267c657ce343daf6\node_modules\next\dist\server\dev\next-dev-server.js:690:43)
    at async DevServer.renderErrorToResponseImpl (file://D:\Projects\Freelance\omenaai\node_modules\.pnpm\next@16.2.7_@babel+core@7.2_27554004f431be4f267c657ce343daf6\node_modules\next\dist\server\base-server.js:1753:26)
[  543424ms] [LOG] [HMR] connected @ http://localhost:3000/_next/static/chunks/1j27_next_dist_0gzz1qe._.js:1226
[  543425ms] [ERROR] ./apps/web/app/page.tsx:9:1
Module not found: Can't resolve '../components/sections/ApiPreview'
   7 | import { UseCases } from "../components/sections/UseCases";
   8 | import { MetricsBar } from "../components/sections/MetricsBar";
>  9 | import { ApiPreview } from "../components/sections/ApiPreview";
     | ^^^^^^^^^^^^^^^^^^^^^^^^^^^^^^^^^^^^^^^^^^^^^^^^^^^^^^^^^^^^^^^
  10 | import { CtaSection } from "../components/sections/CtaSection";
  11 | import { Footer } from "../components/sections/Footer";
  12 |

Import traces:
  Client Component Browser:
    ./apps/web/app/page.tsx [Client Component Browser]
    ./apps/web/app/page.tsx [Server Component]

  Client Component SSR:
    ./apps/web/app/page.tsx [Client Component SSR]
    ./apps/web/app/page.tsx [Server Component]

https://nextjs.org/docs/messages/module-not-found @ http://localhost:3000/_next/static/chunks/1j27_next_dist_0gzz1qe._.js:1945
[  543468ms] [ERROR] ./apps/web/app/page.tsx:9:1
Module not found: Can't resolve '../components/sections/ApiPreview'
   7 | import { UseCases } from "../components/sections/UseCases";
   8 | import { MetricsBar } from "../components/sections/MetricsBar";
>  9 | import { ApiPreview } from "../components/sections/ApiPreview";
     | ^^^^^^^^^^^^^^^^^^^^^^^^^^^^^^^^^^^^^^^^^^^^^^^^^^^^^^^^^^^^^^^
  10 | import { CtaSection } from "../components/sections/CtaSection";
  11 | import { Footer } from "../components/sections/Footer";
  12 |

Import traces:
  Client Component Browser:
    ./apps/web/app/page.tsx [Client Component Browser]
    ./apps/web/app/page.tsx [Server Component]

  Client Component SSR:
    ./apps/web/app/page.tsx [Client Component SSR]
    ./apps/web/app/page.tsx [Server Component]

https://nextjs.org/docs/messages/module-not-found @ http://localhost:3000/_next/static/chunks/1j27_next_dist_0gzz1qe._.js:1945
[  543544ms] [LOG] [Fast Refresh] rebuilding @ http://localhost:3000/_next/static/chunks/1j27_next_dist_0gzz1qe._.js:1226
[  550725ms] [LOG] [Fast Refresh] rebuilding @ http://localhost:3000/_next/static/chunks/1j27_next_dist_0gzz1qe._.js:1226
[  550926ms] [LOG] [Fast Refresh] done in 307ms @ http://localhost:3000/_next/static/chunks/1j27_next_dist_0gzz1qe._.js:1226
[  551045ms] [LOG] [Fast Refresh] rebuilding @ http://localhost:3000/_next/static/chunks/1j27_next_dist_0gzz1qe._.js:1226
[  551225ms] [LOG] [Fast Refresh] done in 286ms @ http://localhost:3000/_next/static/chunks/1j27_next_dist_0gzz1qe._.js:1226
[  551295ms] [INFO] %cDownload the React DevTools for a better development experience: https://react.dev/link/react-devtools font-weight:bold @ http://localhost:3000/_next/static/chunks/1j27_next_dist_03v_77_._.js:2477
[  551316ms] [LOG] [HMR] connected @ http://localhost:3000/_next/static/chunks/1j27_next_dist_03v_77_._.js:2477
[  560944ms] [LOG] [Fast Refresh] rebuilding @ http://localhost:3000/_next/static/chunks/1j27_next_dist_03v_77_._.js:2477
[  561041ms] [ERROR] ./apps/web/app/page.tsx:10:1
Module not found: Can't resolve '../components/sections/CtaSection'
   8 | import { MetricsBar } from "../components/sections/MetricsBar";
   9 | import { ApiPreview } from "../components/sections/ApiPreview";
> 10 | import { CtaSection } from "../components/sections/CtaSection";
     | ^^^^^^^^^^^^^^^^^^^^^^^^^^^^^^^^^^^^^^^^^^^^^^^^^^^^^^^^^^^^^^^
  11 | import { Footer } from "../components/sections/Footer";
  12 |
  13 | export default function HomePage() {

Import traces:
  Client Component Browser:
    ./apps/web/app/page.tsx [Client Component Browser]
    ./apps/web/app/page.tsx [Server Component]

  Client Component SSR:
    ./apps/web/app/page.tsx [Client Component SSR]
    ./apps/web/app/page.tsx [Server Component]

https://nextjs.org/docs/messages/module-not-found @ http://localhost:3000/_next/static/chunks/1j27_next_dist_03v_77_._.js:3318
[  561109ms] [ERROR] ./apps/web/app/page.tsx:10:1
Module not found: Can't resolve '../components/sections/CtaSection'
   8 | import { MetricsBar } from "../components/sections/MetricsBar";
   9 | import { ApiPreview } from "../components/sections/ApiPreview";
> 10 | import { CtaSection } from "../components/sections/CtaSection";
     | ^^^^^^^^^^^^^^^^^^^^^^^^^^^^^^^^^^^^^^^^^^^^^^^^^^^^^^^^^^^^^^^
  11 | import { Footer } from "../components/sections/Footer";
  12 |
  13 | export default function HomePage() {

Import traces:
  Client Component Browser:
    ./apps/web/app/page.tsx [Client Component Browser]
    ./apps/web/app/page.tsx [Server Component]

  Client Component SSR:
    ./apps/web/app/page.tsx [Client Component SSR]
    ./apps/web/app/page.tsx [Server Component]

https://nextjs.org/docs/messages/module-not-found @ http://localhost:3000/_next/static/chunks/1j27_next_dist_03v_77_._.js:3318
[  561129ms] [ERROR] Failed to load resource: the server responded with a status of 500 (Internal Server Error) @ http://localhost:3000/?_rsc=q3mOO9BClNZHexY7:0
[  561163ms] [ERROR] Failed to load resource: the server responded with a status of 500 (Internal Server Error) @ http://localhost:3000/?_rsc=q3mOO9BClNZHexY7:0
[  561185ms] [ERROR] Failed to load resource: the server responded with a status of 500 (Internal Server Error) @ http://localhost:3000/:0
[  561220ms] [INFO] %cDownload the React DevTools for a better development experience: https://react.dev/link/react-devtools font-weight:bold @ http://localhost:3000/_next/static/chunks/02ca_react-dom_0ntjfa7._.js:15305
[  561234ms] Error: ./apps/web/app/page.tsx:10:1
Module not found: Can't resolve '../components/sections/CtaSection'
   8 | import { MetricsBar } from "../components/sections/MetricsBar";
   9 | import { ApiPreview } from "../components/sections/ApiPreview";
> 10 | import { CtaSection } from "../components/sections/CtaSection";
     | ^^^^^^^^^^^^^^^^^^^^^^^^^^^^^^^^^^^^^^^^^^^^^^^^^^^^^^^^^^^^^^^
  11 | import { Footer } from "../components/sections/Footer";
  12 |
  13 | export default function HomePage() {



Import traces:
  Client Component Browser:
    ./apps/web/app/page.tsx [Client Component Browser]
    ./apps/web/app/page.tsx [Server Component]

  Client Component SSR:
    ./apps/web/app/page.tsx [Client Component SSR]
    ./apps/web/app/page.tsx [Server Component]

https://nextjs.org/docs/messages/module-not-found


    at <unknown> (Error: ./apps/web/app/page.tsx:10:1)
    at <unknown> (https://nextjs.org/docs/messages/module-not-found)
    at Object.getCompilationErrors (file://D:\Projects\Freelance\omenaai\node_modules\.pnpm\next@16.2.7_@babel+core@7.2_27554004f431be4f267c657ce343daf6\node_modules\next\dist\server\dev\hot-reloader-turbopack.js:1186:59)
    at DevBundlerService.getCompilationError (file://D:\Projects\Freelance\omenaai\node_modules\.pnpm\next@16.2.7_@babel+core@7.2_27554004f431be4f267c657ce343daf6\node_modules\next\dist\server\lib\dev-bundler-service.js:44:55)
    at DevServer.getCompilationError (file://D:\Projects\Freelance\omenaai\node_modules\.pnpm\next@16.2.7_@babel+core@7.2_27554004f431be4f267c657ce343daf6\node_modules\next\dist\server\dev\next-dev-server.js:720:42)
    at DevServer.findPageComponents (file://D:\Projects\Freelance\omenaai\node_modules\.pnpm\next@16.2.7_@babel+core@7.2_27554004f431be4f267c657ce343daf6\node_modules\next\dist\server\dev\next-dev-server.js:690:43)
    at async DevServer.renderErrorToResponseImpl (file://D:\Projects\Freelance\omenaai\node_modules\.pnpm\next@16.2.7_@babel+core@7.2_27554004f431be4f267c657ce343daf6\node_modules\next\dist\server\base-server.js:1753:26)
[  561234ms] [LOG] [HMR] connected @ http://localhost:3000/_next/static/chunks/1j27_next_dist_0gzz1qe._.js:1226
[  561236ms] [ERROR] ./apps/web/app/page.tsx:10:1
Module not found: Can't resolve '../components/sections/CtaSection'
   8 | import { MetricsBar } from "../components/sections/MetricsBar";
   9 | import { ApiPreview } from "../components/sections/ApiPreview";
> 10 | import { CtaSection } from "../components/sections/CtaSection";
     | ^^^^^^^^^^^^^^^^^^^^^^^^^^^^^^^^^^^^^^^^^^^^^^^^^^^^^^^^^^^^^^^
  11 | import { Footer } from "../components/sections/Footer";
  12 |
  13 | export default function HomePage() {

Import traces:
  Client Component Browser:
    ./apps/web/app/page.tsx [Client Component Browser]
    ./apps/web/app/page.tsx [Server Component]

  Client Component SSR:
    ./apps/web/app/page.tsx [Client Component SSR]
    ./apps/web/app/page.tsx [Server Component]

https://nextjs.org/docs/messages/module-not-found @ http://localhost:3000/_next/static/chunks/1j27_next_dist_0gzz1qe._.js:1945
[  561273ms] [ERROR] ./apps/web/app/page.tsx:10:1
Module not found: Can't resolve '../components/sections/CtaSection'
   8 | import { MetricsBar } from "../components/sections/MetricsBar";
   9 | import { ApiPreview } from "../components/sections/ApiPreview";
> 10 | import { CtaSection } from "../components/sections/CtaSection";
     | ^^^^^^^^^^^^^^^^^^^^^^^^^^^^^^^^^^^^^^^^^^^^^^^^^^^^^^^^^^^^^^^
  11 | import { Footer } from "../components/sections/Footer";
  12 |
  13 | export default function HomePage() {

Import traces:
  Client Component Browser:
    ./apps/web/app/page.tsx [Client Component Browser]
    ./apps/web/app/page.tsx [Server Component]

  Client Component SSR:
    ./apps/web/app/page.tsx [Client Component SSR]
    ./apps/web/app/page.tsx [Server Component]

https://nextjs.org/docs/messages/module-not-found @ http://localhost:3000/_next/static/chunks/1j27_next_dist_0gzz1qe._.js:1945
[  561351ms] [LOG] [Fast Refresh] rebuilding @ http://localhost:3000/_next/static/chunks/1j27_next_dist_0gzz1qe._.js:1226
[  568662ms] [LOG] [Fast Refresh] rebuilding @ http://localhost:3000/_next/static/chunks/1j27_next_dist_0gzz1qe._.js:1226
[  568807ms] [LOG] [Fast Refresh] done in 251ms @ http://localhost:3000/_next/static/chunks/1j27_next_dist_0gzz1qe._.js:1226
[  568925ms] [LOG] [Fast Refresh] rebuilding @ http://localhost:3000/_next/static/chunks/1j27_next_dist_0gzz1qe._.js:1226
[  569067ms] [LOG] [Fast Refresh] done in 245ms @ http://localhost:3000/_next/static/chunks/1j27_next_dist_0gzz1qe._.js:1226
[  569145ms] [INFO] %cDownload the React DevTools for a better development experience: https://react.dev/link/react-devtools font-weight:bold @ http://localhost:3000/_next/static/chunks/1j27_next_dist_03v_77_._.js:2477
[  569168ms] [LOG] [HMR] connected @ http://localhost:3000/_next/static/chunks/1j27_next_dist_03v_77_._.js:2477
[  578920ms] [LOG] [Fast Refresh] rebuilding @ http://localhost:3000/_next/static/chunks/1j27_next_dist_03v_77_._.js:2477
[  579022ms] [ERROR] ./apps/web/app/page.tsx:11:1
Module not found: Can't resolve '../components/sections/Footer'
   9 | import { ApiPreview } from "../components/sections/ApiPreview";
  10 | import { CtaSection } from "../components/sections/CtaSection";
> 11 | import { Footer } from "../components/sections/Footer";
     | ^^^^^^^^^^^^^^^^^^^^^^^^^^^^^^^^^^^^^^^^^^^^^^^^^^^^^^^
  12 |
  13 | export default function HomePage() {
  14 |   useEffect(() => {

Import traces:
  Client Component Browser:
    ./apps/web/app/page.tsx [Client Component Browser]
    ./apps/web/app/page.tsx [Server Component]

  Client Component SSR:
    ./apps/web/app/page.tsx [Client Component SSR]
    ./apps/web/app/page.tsx [Server Component]

https://nextjs.org/docs/messages/module-not-found @ http://localhost:3000/_next/static/chunks/1j27_next_dist_03v_77_._.js:3318
[  579085ms] [ERROR] ./apps/web/app/page.tsx:11:1
Module not found: Can't resolve '../components/sections/Footer'
   9 | import { ApiPreview } from "../components/sections/ApiPreview";
  10 | import { CtaSection } from "../components/sections/CtaSection";
> 11 | import { Footer } from "../components/sections/Footer";
     | ^^^^^^^^^^^^^^^^^^^^^^^^^^^^^^^^^^^^^^^^^^^^^^^^^^^^^^^
  12 |
  13 | export default function HomePage() {
  14 |   useEffect(() => {

Import traces:
  Client Component Browser:
    ./apps/web/app/page.tsx [Client Component Browser]
    ./apps/web/app/page.tsx [Server Component]

  Client Component SSR:
    ./apps/web/app/page.tsx [Client Component SSR]
    ./apps/web/app/page.tsx [Server Component]

https://nextjs.org/docs/messages/module-not-found @ http://localhost:3000/_next/static/chunks/1j27_next_dist_03v_77_._.js:3318
[  579109ms] [ERROR] Failed to load resource: the server responded with a status of 500 (Internal Server Error) @ http://localhost:3000/?_rsc=q3mOO9BClNZHexY7:0
[  579141ms] [ERROR] Failed to load resource: the server responded with a status of 500 (Internal Server Error) @ http://localhost:3000/?_rsc=q3mOO9BClNZHexY7:0
[  579161ms] [ERROR] Failed to load resource: the server responded with a status of 500 (Internal Server Error) @ http://localhost:3000/:0
[  579189ms] [INFO] %cDownload the React DevTools for a better development experience: https://react.dev/link/react-devtools font-weight:bold @ http://localhost:3000/_next/static/chunks/02ca_react-dom_0ntjfa7._.js:15305
[  579200ms] Error: ./apps/web/app/page.tsx:11:1
Module not found: Can't resolve '../components/sections/Footer'
   9 | import { ApiPreview } from "../components/sections/ApiPreview";
  10 | import { CtaSection } from "../components/sections/CtaSection";
> 11 | import { Footer } from "../components/sections/Footer";
     | ^^^^^^^^^^^^^^^^^^^^^^^^^^^^^^^^^^^^^^^^^^^^^^^^^^^^^^^
  12 |
  13 | export default function HomePage() {
  14 |   useEffect(() => {



Import traces:
  Client Component Browser:
    ./apps/web/app/page.tsx [Client Component Browser]
    ./apps/web/app/page.tsx [Server Component]

  Client Component SSR:
    ./apps/web/app/page.tsx [Client Component SSR]
    ./apps/web/app/page.tsx [Server Component]

https://nextjs.org/docs/messages/module-not-found


    at <unknown> (Error: ./apps/web/app/page.tsx:11:1)
    at <unknown> (https://nextjs.org/docs/messages/module-not-found)
    at Object.getCompilationErrors (file://D:\Projects\Freelance\omenaai\node_modules\.pnpm\next@16.2.7_@babel+core@7.2_27554004f431be4f267c657ce343daf6\node_modules\next\dist\server\dev\hot-reloader-turbopack.js:1186:59)
    at DevBundlerService.getCompilationError (file://D:\Projects\Freelance\omenaai\node_modules\.pnpm\next@16.2.7_@babel+core@7.2_27554004f431be4f267c657ce343daf6\node_modules\next\dist\server\lib\dev-bundler-service.js:44:55)
    at DevServer.getCompilationError (file://D:\Projects\Freelance\omenaai\node_modules\.pnpm\next@16.2.7_@babel+core@7.2_27554004f431be4f267c657ce343daf6\node_modules\next\dist\server\dev\next-dev-server.js:720:42)
    at DevServer.findPageComponents (file://D:\Projects\Freelance\omenaai\node_modules\.pnpm\next@16.2.7_@babel+core@7.2_27554004f431be4f267c657ce343daf6\node_modules\next\dist\server\dev\next-dev-server.js:690:43)
    at async DevServer.renderErrorToResponseImpl (file://D:\Projects\Freelance\omenaai\node_modules\.pnpm\next@16.2.7_@babel+core@7.2_27554004f431be4f267c657ce343daf6\node_modules\next\dist\server\base-server.js:1753:26)
[  579199ms] [LOG] [HMR] connected @ http://localhost:3000/_next/static/chunks/1j27_next_dist_0gzz1qe._.js:1226
[  579209ms] [ERROR] ./apps/web/app/page.tsx:11:1
Module not found: Can't resolve '../components/sections/Footer'
   9 | import { ApiPreview } from "../components/sections/ApiPreview";
  10 | import { CtaSection } from "../components/sections/CtaSection";
> 11 | import { Footer } from "../components/sections/Footer";
     | ^^^^^^^^^^^^^^^^^^^^^^^^^^^^^^^^^^^^^^^^^^^^^^^^^^^^^^^
  12 |
  13 | export default function HomePage() {
  14 |   useEffect(() => {

Import traces:
  Client Component Browser:
    ./apps/web/app/page.tsx [Client Component Browser]
    ./apps/web/app/page.tsx [Server Component]

  Client Component SSR:
    ./apps/web/app/page.tsx [Client Component SSR]
    ./apps/web/app/page.tsx [Server Component]

https://nextjs.org/docs/messages/module-not-found @ http://localhost:3000/_next/static/chunks/1j27_next_dist_0gzz1qe._.js:1945
[  579246ms] [ERROR] ./apps/web/app/page.tsx:11:1
Module not found: Can't resolve '../components/sections/Footer'
   9 | import { ApiPreview } from "../components/sections/ApiPreview";
  10 | import { CtaSection } from "../components/sections/CtaSection";
> 11 | import { Footer } from "../components/sections/Footer";
     | ^^^^^^^^^^^^^^^^^^^^^^^^^^^^^^^^^^^^^^^^^^^^^^^^^^^^^^^
  12 |
  13 | export default function HomePage() {
  14 |   useEffect(() => {

Import traces:
  Client Component Browser:
    ./apps/web/app/page.tsx [Client Component Browser]
    ./apps/web/app/page.tsx [Server Component]

  Client Component SSR:
    ./apps/web/app/page.tsx [Client Component SSR]
    ./apps/web/app/page.tsx [Server Component]

https://nextjs.org/docs/messages/module-not-found @ http://localhost:3000/_next/static/chunks/1j27_next_dist_0gzz1qe._.js:1945
[  579307ms] [LOG] [Fast Refresh] rebuilding @ http://localhost:3000/_next/static/chunks/1j27_next_dist_0gzz1qe._.js:1226
[  586550ms] [LOG] [Fast Refresh] rebuilding @ http://localhost:3000/_next/static/chunks/1j27_next_dist_0gzz1qe._.js:1226
[  586761ms] [LOG] [Fast Refresh] done in 255ms @ http://localhost:3000/_next/static/chunks/1j27_next_dist_0gzz1qe._.js:1226
[  586881ms] [LOG] [Fast Refresh] rebuilding @ http://localhost:3000/_next/static/chunks/1j27_next_dist_0gzz1qe._.js:1226
[  587053ms] [LOG] [Fast Refresh] done in 278ms @ http://localhost:3000/_next/static/chunks/1j27_next_dist_0gzz1qe._.js:1226
[  587118ms] [INFO] %cDownload the React DevTools for a better development experience: https://react.dev/link/react-devtools font-weight:bold @ http://localhost:3000/_next/static/chunks/1j27_next_dist_03v_77_._.js:2477
[  587146ms] [LOG] [HMR] connected @ http://localhost:3000/_next/static/chunks/1j27_next_dist_03v_77_._.js:2477
[  630646ms] [LOG] [Fast Refresh] rebuilding @ http://localhost:3000/_next/static/chunks/1j27_next_dist_03v_77_._.js:2477
[  630648ms] [LOG] [Fast Refresh] done in 107ms @ http://localhost:3000/_next/static/chunks/1j27_next_dist_03v_77_._.js:2477
