[     333ms] [INFO] %cDownload the React DevTools for a better development experience: https://react.dev/link/react-devtools font-weight:bold @ http://localhost:3000/_next/static/chunks/0hw9_next_dist_0k8k8eg._.js:2477
[     431ms] [LOG] [HMR] connected @ http://localhost:3000/_next/static/chunks/0hw9_next_dist_0k8k8eg._.js:2477
[     594ms] [WARNING] The width(-1) and height(-1) of chart should be greater than 0,
       please check the style of container, or the props width(100%) and height(100%),
       or add a minWidth(0) or minHeight(undefined) or use aspect(undefined) to control the
       height and width. @ http://localhost:3000/_next/static/chunks/0hw9_next_dist_0k8k8eg._.js:2477
[     594ms] [WARNING] The width(-1) and height(-1) of chart should be greater than 0,
       please check the style of container, or the props width(100%) and height(100%),
       or add a minWidth(0) or minHeight(undefined) or use aspect(undefined) to control the
       height and width. @ http://localhost:3000/_next/static/chunks/0hw9_next_dist_0k8k8eg._.js:2477
[   79312ms] [LOG] [Fast Refresh] rebuilding @ http://localhost:3000/_next/static/chunks/0hw9_next_dist_0k8k8eg._.js:2477
[   79382ms] [LOG] [Fast Refresh] done in 159ms @ http://localhost:3000/_next/static/chunks/0hw9_next_dist_0k8k8eg._.js:2477
[   79489ms] [LOG] [Fast Refresh] rebuilding @ http://localhost:3000/_next/static/chunks/0hw9_next_dist_0k8k8eg._.js:2477
[   79750ms] [LOG] [Fast Refresh] done in 363ms @ http://localhost:3000/_next/static/chunks/0hw9_next_dist_0k8k8eg._.js:2477
[   81742ms] [LOG] [Fast Refresh] rebuilding @ http://localhost:3000/_next/static/chunks/0hw9_next_dist_0k8k8eg._.js:2477
[   81857ms] [LOG] [Fast Refresh] done in 202ms @ http://localhost:3000/_next/static/chunks/0hw9_next_dist_0k8k8eg._.js:2477
[   81966ms] [LOG] [Fast Refresh] rebuilding @ http://localhost:3000/_next/static/chunks/0hw9_next_dist_0k8k8eg._.js:2477
[   82095ms] [LOG] [Fast Refresh] done in 233ms @ http://localhost:3000/_next/static/chunks/0hw9_next_dist_0k8k8eg._.js:2477
[  194939ms] [LOG] [Fast Refresh] rebuilding @ http://localhost:3000/_next/static/chunks/0hw9_next_dist_0k8k8eg._.js:2477
[  195518ms] [LOG] [Fast Refresh] done in 685ms @ http://localhost:3000/_next/static/chunks/0hw9_next_dist_0k8k8eg._.js:2477
[ 1294581ms] [LOG] [Fast Refresh] rebuilding @ http://localhost:3000/_next/static/chunks/0hw9_next_dist_0k8k8eg._.js:2477
[ 1295223ms] [LOG] [Fast Refresh] done in 743ms @ http://localhost:3000/_next/static/chunks/0hw9_next_dist_0k8k8eg._.js:2477
[ 1300533ms] [LOG] [Fast Refresh] rebuilding @ http://localhost:3000/_next/static/chunks/0hw9_next_dist_0k8k8eg._.js:2477
[ 1300562ms] [LOG] [Fast Refresh] done in 135ms @ http://localhost:3000/_next/static/chunks/0hw9_next_dist_0k8k8eg._.js:2477
