[     937ms] [INFO] %cDownload the React DevTools for a better development experience: https://react.dev/link/react-devtools font-weight:bold @ http://localhost:3000/_next/static/chunks/0hw9_next_dist_0k8k8eg._.js:2477
[    1055ms] [LOG] [HMR] connected @ http://localhost:3000/_next/static/chunks/0hw9_next_dist_0k8k8eg._.js:2477
[    1209ms] [WARNING] The width(-1) and height(-1) of chart should be greater than 0,
       please check the style of container, or the props width(100%) and height(100%),
       or add a minWidth(0) or minHeight(undefined) or use aspect(undefined) to control the
       height and width. @ http://localhost:3000/_next/static/chunks/0hw9_next_dist_0k8k8eg._.js:2477
[    1209ms] [WARNING] The width(-1) and height(-1) of chart should be greater than 0,
       please check the style of container, or the props width(100%) and height(100%),
       or add a minWidth(0) or minHeight(undefined) or use aspect(undefined) to control the
       height and width. @ http://localhost:3000/_next/static/chunks/0hw9_next_dist_0k8k8eg._.js:2477
[   80999ms] [LOG] [Fast Refresh] rebuilding @ http://localhost:3000/_next/static/chunks/0hw9_next_dist_0k8k8eg._.js:2477
[   81152ms] [LOG] [Fast Refresh] done in 231ms @ http://localhost:3000/_next/static/chunks/0hw9_next_dist_0k8k8eg._.js:2477
[  150777ms] [LOG] [Fast Refresh] rebuilding @ http://localhost:3000/_next/static/chunks/0hw9_next_dist_0k8k8eg._.js:2477
[  150826ms] [ERROR] The final argument passed to %s changed size between renders. The order and size of this array must remain constant.

Previous: %s
Incoming: %s useEffect [[object Object], [object Object], [object Object], 0, 0, 0, 0, 0] [[object Object], [object Object], [object Object], 0, 0, 0, 0, 0, 0] @ http://localhost:3000/_next/static/chunks/0hw9_next_dist_0k8k8eg._.js:3318
[  150828ms] [ERROR] The final argument passed to %s changed size between renders. The order and size of this array must remain constant.

Previous: %s
Incoming: %s useEffect [[object Object], [object Object], [object Object], 0, 0, 0, 0, 0] [[object Object], [object Object], [object Object], 0, 0, 0, 0, 0, 0] @ http://localhost:3000/_next/static/chunks/0hw9_next_dist_0k8k8eg._.js:3318
[  150829ms] [ERROR] The final argument passed to %s changed size between renders. The order and size of this array must remain constant.

Previous: %s
Incoming: %s useEffect [[object Object], [object Object], [object Object], 0, 0, 0, 0, 0] [[object Object], [object Object], [object Object], 0, 0, 0, 0, 0, 0] @ http://localhost:3000/_next/static/chunks/0hw9_next_dist_0k8k8eg._.js:3318
[  150831ms] [ERROR] The final argument passed to %s changed size between renders. The order and size of this array must remain constant.

Previous: %s
Incoming: %s useEffect [[object Object], [object Object], [object Object], 0, 0, 0, 0, 0] [[object Object], [object Object], [object Object], 0, 0, 0, 0, 0, 0] @ http://localhost:3000/_next/static/chunks/0hw9_next_dist_0k8k8eg._.js:3318
[  150833ms] [ERROR] The final argument passed to %s changed size between renders. The order and size of this array must remain constant.

Previous: %s
Incoming: %s useEffect [[object Object], [object Object], [object Object], 0, 0, 0, 0, 0] [[object Object], [object Object], [object Object], 0, 0, 0, 0, 0, 0] @ http://localhost:3000/_next/static/chunks/0hw9_next_dist_0k8k8eg._.js:3318
[  150835ms] [ERROR] The final argument passed to %s changed size between renders. The order and size of this array must remain constant.

Previous: %s
Incoming: %s useEffect [[object Object], [object Object], [object Object], 0, 0, 0, 0, 0] [[object Object], [object Object], [object Object], 0, 0, 0, 0, 0, 0] @ http://localhost:3000/_next/static/chunks/0hw9_next_dist_0k8k8eg._.js:3318
[  150839ms] [LOG] [Fast Refresh] done in 141ms @ http://localhost:3000/_next/static/chunks/0hw9_next_dist_0k8k8eg._.js:2477
[  150963ms] [LOG] [Fast Refresh] rebuilding @ http://localhost:3000/_next/static/chunks/0hw9_next_dist_0k8k8eg._.js:2477
[  151120ms] [LOG] [Fast Refresh] done in 272ms @ http://localhost:3000/_next/static/chunks/0hw9_next_dist_0k8k8eg._.js:2477
[  151223ms] [LOG] [Fast Refresh] rebuilding @ http://localhost:3000/_next/static/chunks/0hw9_next_dist_0k8k8eg._.js:2477
[  151255ms] [LOG] [Fast Refresh] done in 133ms @ http://localhost:3000/_next/static/chunks/0hw9_next_dist_0k8k8eg._.js:2477
[  153290ms] [LOG] [Fast Refresh] rebuilding @ http://localhost:3000/_next/static/chunks/0hw9_next_dist_0k8k8eg._.js:2477
[  153401ms] [LOG] [Fast Refresh] done in 195ms @ http://localhost:3000/_next/static/chunks/0hw9_next_dist_0k8k8eg._.js:2477
[  153508ms] [LOG] [Fast Refresh] rebuilding @ http://localhost:3000/_next/static/chunks/0hw9_next_dist_0k8k8eg._.js:2477
[  153650ms] [LOG] [Fast Refresh] done in 244ms @ http://localhost:3000/_next/static/chunks/0hw9_next_dist_0k8k8eg._.js:2477
[  155916ms] [LOG] [Fast Refresh] rebuilding @ http://localhost:3000/_next/static/chunks/0hw9_next_dist_0k8k8eg._.js:2477
[  156050ms] [LOG] [Fast Refresh] done in 204ms @ http://localhost:3000/_next/static/chunks/0hw9_next_dist_0k8k8eg._.js:2477
[  156159ms] [LOG] [Fast Refresh] rebuilding @ http://localhost:3000/_next/static/chunks/0hw9_next_dist_0k8k8eg._.js:2477
[  156237ms] [LOG] [Fast Refresh] done in 186ms @ http://localhost:3000/_next/static/chunks/0hw9_next_dist_0k8k8eg._.js:2477
[  157500ms] [LOG] [Fast Refresh] rebuilding @ http://localhost:3000/_next/static/chunks/0hw9_next_dist_0k8k8eg._.js:2477
[  158086ms] [LOG] [Fast Refresh] done in 690ms @ http://localhost:3000/_next/static/chunks/0hw9_next_dist_0k8k8eg._.js:2477
[  176193ms] [LOG] [Fast Refresh] rebuilding @ http://localhost:3000/_next/static/chunks/0hw9_next_dist_0k8k8eg._.js:2477
[  176212ms] [LOG] [Fast Refresh] done in 127ms @ http://localhost:3000/_next/static/chunks/0hw9_next_dist_0k8k8eg._.js:2477
[  255368ms] [LOG] [Fast Refresh] rebuilding @ http://localhost:3000/_next/static/chunks/0hw9_next_dist_0k8k8eg._.js:2477
[  255444ms] [LOG] [Fast Refresh] done in 163ms @ http://localhost:3000/_next/static/chunks/0hw9_next_dist_0k8k8eg._.js:2477
[  255552ms] [LOG] [Fast Refresh] rebuilding @ http://localhost:3000/_next/static/chunks/0hw9_next_dist_0k8k8eg._.js:2477
[  255801ms] [LOG] [Fast Refresh] done in 353ms @ http://localhost:3000/_next/static/chunks/0hw9_next_dist_0k8k8eg._.js:2477
[  257795ms] [LOG] [Fast Refresh] rebuilding @ http://localhost:3000/_next/static/chunks/0hw9_next_dist_0k8k8eg._.js:2477
[  257916ms] [LOG] [Fast Refresh] done in 200ms @ http://localhost:3000/_next/static/chunks/0hw9_next_dist_0k8k8eg._.js:2477
[  258023ms] [LOG] [Fast Refresh] rebuilding @ http://localhost:3000/_next/static/chunks/0hw9_next_dist_0k8k8eg._.js:2477
[  258145ms] [LOG] [Fast Refresh] done in 224ms @ http://localhost:3000/_next/static/chunks/0hw9_next_dist_0k8k8eg._.js:2477
[  370988ms] [LOG] [Fast Refresh] rebuilding @ http://localhost:3000/_next/static/chunks/0hw9_next_dist_0k8k8eg._.js:2477
[  371569ms] [LOG] [Fast Refresh] done in 684ms @ http://localhost:3000/_next/static/chunks/0hw9_next_dist_0k8k8eg._.js:2477
[ 1470631ms] [LOG] [Fast Refresh] rebuilding @ http://localhost:3000/_next/static/chunks/0hw9_next_dist_0k8k8eg._.js:2477
[ 1471273ms] [LOG] [Fast Refresh] done in 743ms @ http://localhost:3000/_next/static/chunks/0hw9_next_dist_0k8k8eg._.js:2477
[ 1476583ms] [LOG] [Fast Refresh] rebuilding @ http://localhost:3000/_next/static/chunks/0hw9_next_dist_0k8k8eg._.js:2477
[ 1476613ms] [LOG] [Fast Refresh] done in 134ms @ http://localhost:3000/_next/static/chunks/0hw9_next_dist_0k8k8eg._.js:2477
